Virtual User Script started at: May 21, 2025 12:55:35 PM
Starting action vuser_init.
Web Turbo Replay of LoadRunner 2021.0.0 for Windows 10; build 430 (џэт 05 2021 19:27:22)  	[MsgId: MMSG-26983]
Run mode: HTML  	[MsgId: MMSG-26993]
Replay user agent: Mozilla/5.0 (Windows NT 10.0; Win64; x64) AppleWebKit/537.36 (KHTML, like Gecko) Chrome/136.0.0.0 Safari/537.36 Edg/136.0.0.0  	[MsgId: MMSG-26988]
Runtime Settings file: "C:\Users\vinny\Desktop\Project Scripts\UC_01_Registration_Ryzhkov_E.A\\default.cfg"  	[MsgId: MMSG-27141]
Ending action vuser_init.
Running Vuser...
Starting iteration 1.
Maximum number of concurrent connections per server: 6  	[MsgId: MMSG-26989]
Starting action Action.
Action.c(5): web_set_sockets_option started  	[MsgId: MMSG-26355]
Action.c(5): web_set_sockets_option was successful  	[MsgId: MMSG-26392]
Action.c(7): web_url("authorize") started  	[MsgId: MMSG-26355]
Action.c(7): Found resource "https://dev-boomq.pflb.ru/static/js/main.cddf1824.js" in HTML "https://dev-boomq.pflb.ru/authorize"  	[MsgId: MMSG-26659]
Action.c(7): Found resource "https://dev-boomq.pflb.ru/static/css/main.64a4c65b.css" in HTML "https://dev-boomq.pflb.ru/authorize"  	[MsgId: MMSG-26659]
Action.c(7): web_url("authorize") was successful, 913470 body bytes, 845 header bytes  	[MsgId: MMSG-26386]
Action.c(17): Notify: Transaction "UC_01_TR_01_sign_in" started.
Action.c(19): web_add_header("Origin") started  	[MsgId: MMSG-26355]
Action.c(19): web_add_header("Origin") was successful  	[MsgId: MMSG-26392]
Action.c(23): web_set_max_html_param_len started  	[MsgId: MMSG-26355]
Action.c(23): web_set_max_html_param_len was successful  	[MsgId: MMSG-26392]
Action.c(25): web_reg_save_param started  	[MsgId: MMSG-26355]
Action.c(25): Registering web_reg_save_param was successful  	[MsgId: MMSG-26390]
Action.c(32): web_submit_data("login") started  	[MsgId: MMSG-26355]
Action.c(32): web_submit_data("login") was successful, 0 body bytes, 1935 header bytes  	[MsgId: MMSG-26386]
Action.c(46): ========= TOKEN =========: eyJhbGciOiJSUzI1NiIsInR5cCI6IkpXVCJ9.eyJpc19ub3RpZmljYXRlZCI6ZmFsc2UsInVzZXJfaWQiOjU4ODEsInVzZXJfbmFtZSI6Im5hZ3J1emthM19ncjAxQG1haWwuY29tIiwic2NvcGUiOlsidHJ1c3QiLCJyZWFkIiwid3JpdGUiXSwidXNlcl9sYW5ndWFnZSI6IkVOIiwiZXhwIjoxNzQ3ODY0NTYwLCJhdXRob3JpdGllcyI6WyJST0xFX1VTRVIiXSwianRpIjoiM2JjNDg3ZjktNDVlYS00MDJkLWJhOTQtYzdhNDQyNjYzMmQ3IiwiY2xpZW50X2lkIjoiY2xpZW50In0.DADY82amE75wLxogdvV3CDFyjZDvLwtrjmCB2W6KeQw8Jfidk57xhWXkd6nrybanPH8M81kMfw2SFMn-1FaSs5U0LyOSXN8sbgc3eSLHPk6ILaVrD833dg984hVgWrRmtJYJQU5vWAolwxCzElDXQlVJKLJRiJmOBL-ZAetU8YmRApk2vbiYRY-IGQI-Vexc3SyAFjs1-GP04bfLJG769q4E3DSsPLdTfJNZonEnywJup7N5yqKjVdoYnZKoSjpHEUYwT-0vUV0eq-jEeG5zihBP3wvvIGWdV1XlrSFkIEj05lDJGAPRFn5HItwuqnzhltW7Bd3w1t6OBdYN6S01fA
Action.c(48): web_add_auto_header("Authorization") started  	[MsgId: MMSG-26355]
Action.c(48): Warning -26593: The header being added may cause unpredictable results when applied to all ensuing URLs. It is added anyway  	[MsgId: MWAR-26593]
Action.c(48): web_add_auto_header("Authorization") highest severity level was "warning"  	[MsgId: MMSG-26391]
Action.c(50): web_add_cookie started  	[MsgId: MMSG-26355]
Action.c(50): web_add_cookie was successful  	[MsgId: MMSG-26392]
Action.c(52): web_reg_save_param_json started  	[MsgId: MMSG-26355]
Action.c(52): Registering web_reg_save_param_json was successful  	[MsgId: MMSG-26390]
Action.c(58): web_url("user") started  	[MsgId: MMSG-26355]
Action.c(58): web_url("user") was successful, 152 body bytes, 539 header bytes  	[MsgId: MMSG-26386]
Action.c(68): web_reg_save_param started  	[MsgId: MMSG-26355]
Action.c(68): Registering web_reg_save_param was successful  	[MsgId: MMSG-26390]
Action.c(75): web_url("team_context") started  	[MsgId: MMSG-26355]
Action.c(75): web_url("team_context") was successful, 253 body bytes, 3021 header bytes  	[MsgId: MMSG-26386]
Action.c(85): Notify: Transaction "UC_01_TR_01_sign_in" ended with a "Pass" status (Duration: 0.5599 Wasted Time: 0.0170).
Action.c(89): Notify: Transaction "UC_01_TR_02_click_on_group" started.
Action.c(91): web_url("teams") started  	[MsgId: MMSG-26355]
Action.c(91): web_url("teams") was successful, 356 body bytes, 539 header bytes  	[MsgId: MMSG-26386]
Action.c(101): Notify: Transaction "UC_01_TR_02_click_on_group" ended with a "Pass" status (Duration: 0.1243 Wasted Time: 0.0036).
Action.c(105): Notify: Transaction "UC_01_TR_03_edit_group" started.
Action.c(107): web_url("team_number") started  	[MsgId: MMSG-26355]
Action.c(107): web_url("team_number") was successful, 236 body bytes, 539 header bytes  	[MsgId: MMSG-26386]
Action.c(117): web_add_header("Cookie") started  	[MsgId: MMSG-26355]
Action.c(117): web_add_header("Cookie") was successful  	[MsgId: MMSG-26392]
Action.c(119): web_add_auto_header("Authorization") started  	[MsgId: MMSG-26355]
Action.c(119): Warning -26593: The header being added may cause unpredictable results when applied to all ensuing URLs. It is added anyway  	[MsgId: MWAR-26593]
Action.c(119): web_add_auto_header("Authorization") highest severity level was "warning"  	[MsgId: MMSG-26391]
Action.c(121): Notify: Transaction "UC_01_TR_03_edit_group" ended with a "Pass" status (Duration: 0.1240 Wasted Time: 0.0031).
Action.c(125): Notify: Transaction "UC_01_TR_04_add_member" started.
Action.c(127): web_reg_save_param_json started  	[MsgId: MMSG-26355]
Action.c(127): Registering web_reg_save_param_json was successful  	[MsgId: MMSG-26390]
Action.c(133): web_custom_request("add_member") started  	[MsgId: MMSG-26355]
Action.c(133): web_custom_request("add_member") was successful, 439 body bytes, 492 header bytes  	[MsgId: MMSG-26386]
Action.c(146): ========= INVITE URL =========: /auth-srv/invite/xsiwnI9Pjei_brnawfSUV2nOC7UOJas5lhE1ec5kInmauBuwAZlaiudNbplAzdl4jQplsZ-pnJD5KpB3c_EIc9WcSqjmCuHsocr6m1rK5Vo=
Action.c(148): web_cleanup_auto_headers started  	[MsgId: MMSG-26355]
Action.c(148): web_cleanup_auto_headers was successful  	[MsgId: MMSG-26392]
Action.c(150): web_cleanup_cookies started  	[MsgId: MMSG-26355]
Action.c(150): web_cleanup_cookies was successful  	[MsgId: MMSG-26392]
Action.c(152): Notify: Transaction "UC_01_TR_04_add_member" ended with a "Pass" status (Duration: 0.4212 Wasted Time: 0.0064).
Action.c(156): Notify: Transaction "UC_01_TR_05_invite_url" started.
Action.c(162): web_reg_save_param started  	[MsgId: MMSG-26355]
Action.c(162): Registering web_reg_save_param was successful  	[MsgId: MMSG-26390]
Action.c(168): web_url("invite_url") started  	[MsgId: MMSG-26355]
Action.c(168): Redirecting "https://dev-boomq.pflb.ru/auth-srv/invite/xsiwnI9Pjei_brnawfSUV2nOC7UOJas5lhE1ec5kInmauBuwAZlaiudNbplAzdl4jQplsZ-pnJD5KpB3c_EIc9WcSqjmCuHsocr6m1rK5Vo=" (redirection depth is 0)  	[MsgId: MMSG-26694]
Action.c(168): To location "https://dev-boomq.pflb.ru/change-password"  	[MsgId: MMSG-26693]
Action.c(168): Resource "https://dev-boomq.pflb.ru/static/js/main.cddf1824.js" is in the cache already and will not be downloaded again  	[MsgId: MMSG-26655]
Action.c(168): Resource "https://dev-boomq.pflb.ru/static/css/main.64a4c65b.css" is in the cache already and will not be downloaded again  	[MsgId: MMSG-26655]
Action.c(168): web_url("invite_url") was successful, 655 body bytes, 1761 header bytes  	[MsgId: MMSG-26386]
Action.c(178): web_add_auto_header("Authorization") started  	[MsgId: MMSG-26355]
Action.c(178): Warning -26593: The header being added may cause unpredictable results when applied to all ensuing URLs. It is added anyway  	[MsgId: MWAR-26593]
Action.c(178): web_add_auto_header("Authorization") highest severity level was "warning"  	[MsgId: MMSG-26391]
Action.c(180): Notify: Transaction "UC_01_TR_05_invite_url" ended with a "Pass" status (Duration: 0.2832 Wasted Time: 0.0043).
Action.c(184): Notify: Transaction "UC_01_TR_06_change_password" started.
Action.c(186): web_add_header("Content-Type") started  	[MsgId: MMSG-26355]
Action.c(186): Warning -26594: The header being added may cause unpredictable results if applied to ALL the URLs generated on behalf of the next script function. It will apply to the primary URL only.  	[MsgId: MWAR-26594]
Action.c(186): web_add_header("Content-Type") highest severity level was "warning"  	[MsgId: MMSG-26391]
Action.c(188): web_custom_request("change_password") started  	[MsgId: MMSG-26355]
Action.c(188): web_custom_request("change_password") was successful, 153 body bytes, 539 header bytes  	[MsgId: MMSG-26386]
Action.c(200): Notify: Transaction "UC_01_TR_06_change_password" ended with a "Pass" status (Duration: 0.2679 Wasted Time: 0.0036).
Ending action Action.
Ending iteration 1.
Ending Vuser...
Starting action vuser_end.
Ending action vuser_end.
Vuser Terminated.
